/image_view_1469200271738265642/parameter_descriptions
/image_view_1469200271738265642/parameter_updates
/image_view_raw/parameter_descriptions
/image_view_raw/parameter_updates
/rosout
/rosout_agg
/usb_cam/camera_info
/usb_cam/image_color
/usb_cam/image_color/compressed
/usb_cam/image_color/compressed/parameter_descriptions
/usb_cam/image_color/compressed/parameter_updates
/usb_cam/image_color/compressedDepth
/usb_cam/image_color/compressedDepth/parameter_descriptions
/usb_cam/image_color/compressedDepth/parameter_updates
/usb_cam/image_color/theora
/usb_cam/image_color/theora/parameter_descriptions
/usb_cam/image_color/theora/parameter_updates
/usb_cam/image_mono
/usb_cam/image_mono/compressed
/usb_cam/image_mono/compressed/parameter_descriptions
/usb_cam/image_mono/compressed/parameter_updates
/usb_cam/image_mono/compressedDepth
/usb_cam/image_mono/compressedDepth/parameter_descriptions
/usb_cam/image_mono/compressedDepth/parameter_updates
/usb_cam/image_mono/theora
/usb_cam/image_mono/theora/parameter_descriptions
/usb_cam/image_mono/theora/parameter_updates
/usb_cam/image_proc_debayer/parameter_descriptions
/usb_cam/image_proc_debayer/parameter_updates
/usb_cam/image_proc_rectify_color/parameter_descriptions
/usb_cam/image_proc_rectify_color/parameter_updates
/usb_cam/image_proc_rectify_mono/parameter_descriptions
/usb_cam/image_proc_rectify_mono/parameter_updates
/usb_cam/image_raw
/usb_cam/image_raw/compressed
/usb_cam/image_raw/compressed/parameter_descriptions
/usb_cam/image_raw/compressed/parameter_updates
/usb_cam/image_raw/compressedDepth
/usb_cam/image_raw/compressedDepth/parameter_descriptions
/usb_cam/image_raw/compressedDepth/parameter_updates
/usb_cam/image_raw/theora
/usb_cam/image_raw/theora/parameter_descriptions
/usb_cam/image_raw/theora/parameter_updates
/usb_cam/image_rect
/usb_cam/image_rect/compressed
/usb_cam/image_rect/compressed/parameter_descriptions
/usb_cam/image_rect/compressed/parameter_updates
/usb_cam/image_rect/compressedDepth
/usb_cam/image_rect/compressedDepth/parameter_descriptions
/usb_cam/image_rect/compressedDepth/parameter_updates
/usb_cam/image_rect/theora
/usb_cam/image_rect/theora/parameter_descriptions
/usb_cam/image_rect/theora/parameter_updates
/usb_cam/image_rect_color
/usb_cam/image_rect_color/compressed
/usb_cam/image_rect_color/compressed/parameter_descriptions
/usb_cam/image_rect_color/compressed/parameter_updates
/usb_cam/image_rect_color/compressedDepth
/usb_cam/image_rect_color/compressedDepth/parameter_descriptions
/usb_cam/image_rect_color/compressedDepth/parameter_updates
/usb_cam/image_rect_color/theora
/usb_cam/image_rect_color/theora/parameter_descriptions
/usb_cam/image_rect_color/theora/parameter_updates
